[15-Mar-2019 03:22:08 UTC] PHP Fatal error:  Uncaught exception 'PDOException' with message 'SQLSTATE[42S22]: Column not found: 1054 Unknown column 'productPrice' in 'order clause'' in /home/ubuntu/workspace/cst336/labs/lab6/api/getProducts.php:16
Stack trace:
#0 /home/ubuntu/workspace/cst336/labs/lab6/api/getProducts.php(16): PDOStatement->execute()
#1 {main}
  thrown in /home/ubuntu/workspace/cst336/labs/lab6/api/getProducts.php on line 16
[15-Mar-2019 03:44:55 UTC] PHP Warning:  include(../dbConnection.php): failed to open stream: No such file or directory in /home/ubuntu/workspace/cst336/labs/lab6/api/getCategories.php on line 3
[15-Mar-2019 03:44:55 UTC] PHP Stack trace:
[15-Mar-2019 03:44:55 UTC] PHP   1. {main}() /home/ubuntu/workspace/cst336/labs/lab6/api/getCategories.php:0
[15-Mar-2019 03:44:55 UTC] PHP Warning:  include(): Failed opening '../dbConnection.php' for inclusion (include_path='.:/usr/share/php:/usr/share/pear') in /home/ubuntu/workspace/cst336/labs/lab6/api/getCategories.php on line 3
[15-Mar-2019 03:44:55 UTC] PHP Stack trace:
[15-Mar-2019 03:44:55 UTC] PHP   1. {main}() /home/ubuntu/workspace/cst336/labs/lab6/api/getCategories.php:0
[15-Mar-2019 03:44:55 UTC] PHP Fatal error:  Call to undefined function getDatabaseConnection() in /home/ubuntu/workspace/cst336/labs/lab6/api/getCategories.php on line 5
[15-Mar-2019 03:44:55 UTC] PHP Stack trace:
[15-Mar-2019 03:44:55 UTC] PHP   1. {main}() /home/ubuntu/workspace/cst336/labs/lab6/api/getCategories.php:0
[15-Mar-2019 03:45:05 UTC] PHP Warning:  include(../dbConnection.php): failed to open stream: No such file or directory in /home/ubuntu/workspace/cst336/labs/lab6/api/getCategories.php on line 3
[15-Mar-2019 03:45:05 UTC] PHP Stack trace:
[15-Mar-2019 03:45:05 UTC] PHP   1. {main}() /home/ubuntu/workspace/cst336/labs/lab6/api/getCategories.php:0
[15-Mar-2019 03:45:05 UTC] PHP Warning:  include(): Failed opening '../dbConnection.php' for inclusion (include_path='.:/usr/share/php:/usr/share/pear') in /home/ubuntu/workspace/cst336/labs/lab6/api/getCategories.php on line 3
[15-Mar-2019 03:45:05 UTC] PHP Stack trace:
[15-Mar-2019 03:45:05 UTC] PHP   1. {main}() /home/ubuntu/workspace/cst336/labs/lab6/api/getCategories.php:0
[15-Mar-2019 03:45:05 UTC] PHP Fatal error:  Call to undefined function getDatabaseConnection() in /home/ubuntu/workspace/cst336/labs/lab6/api/getCategories.php on line 5
[15-Mar-2019 03:45:05 UTC] PHP Stack trace:
[15-Mar-2019 03:45:05 UTC] PHP   1. {main}() /home/ubuntu/workspace/cst336/labs/lab6/api/getCategories.php:0
[15-Mar-2019 03:46:05 UTC] PHP Warning:  include(api/dbConnection.php): failed to open stream: No such file or directory in /home/ubuntu/workspace/cst336/labs/lab6/api/getCategories.php on line 3
[15-Mar-2019 03:46:05 UTC] PHP Stack trace:
[15-Mar-2019 03:46:05 UTC] PHP   1. {main}() /home/ubuntu/workspace/cst336/labs/lab6/api/getCategories.php:0
[15-Mar-2019 03:46:05 UTC] PHP Warning:  include(): Failed opening 'api/dbConnection.php' for inclusion (include_path='.:/usr/share/php:/usr/share/pear') in /home/ubuntu/workspace/cst336/labs/lab6/api/getCategories.php on line 3
[15-Mar-2019 03:46:05 UTC] PHP Stack trace:
[15-Mar-2019 03:46:05 UTC] PHP   1. {main}() /home/ubuntu/workspace/cst336/labs/lab6/api/getCategories.php:0
[15-Mar-2019 03:46:05 UTC] PHP Fatal error:  Call to undefined function getDatabaseConnection() in /home/ubuntu/workspace/cst336/labs/lab6/api/getCategories.php on line 5
[15-Mar-2019 03:46:05 UTC] PHP Stack trace:
[15-Mar-2019 03:46:05 UTC] PHP   1. {main}() /home/ubuntu/workspace/cst336/labs/lab6/api/getCategories.php:0
[15-Mar-2019 03:47:40 UTC] PHP Warning:  include(../dbConnection.php): failed to open stream: No such file or directory in /home/ubuntu/workspace/cst336/labs/lab6/api/getCategories.php on line 3
[15-Mar-2019 03:47:40 UTC] PHP Stack trace:
[15-Mar-2019 03:47:40 UTC] PHP   1. {main}() /home/ubuntu/workspace/cst336/labs/lab6/api/getCategories.php:0
[15-Mar-2019 03:47:40 UTC] PHP Warning:  include(): Failed opening '../dbConnection.php' for inclusion (include_path='.:/usr/share/php:/usr/share/pear') in /home/ubuntu/workspace/cst336/labs/lab6/api/getCategories.php on line 3
[15-Mar-2019 03:47:40 UTC] PHP Stack trace:
[15-Mar-2019 03:47:40 UTC] PHP   1. {main}() /home/ubuntu/workspace/cst336/labs/lab6/api/getCategories.php:0
[15-Mar-2019 03:47:40 UTC] PHP Fatal error:  Call to undefined function getDatabaseConnection() in /home/ubuntu/workspace/cst336/labs/lab6/api/getCategories.php on line 5
[15-Mar-2019 03:47:40 UTC] PHP Stack trace:
[15-Mar-2019 03:47:40 UTC] PHP   1. {main}() /home/ubuntu/workspace/cst336/labs/lab6/api/getCategories.php:0
[15-Mar-2019 03:47:55 UTC] PHP Warning:  include(../dbConnection.php): failed to open stream: No such file or directory in /home/ubuntu/workspace/cst336/labs/lab6/api/getCategories.php on line 3
[15-Mar-2019 03:47:55 UTC] PHP Stack trace:
[15-Mar-2019 03:47:55 UTC] PHP   1. {main}() /home/ubuntu/workspace/cst336/labs/lab6/api/getCategories.php:0
[15-Mar-2019 03:47:55 UTC] PHP Warning:  include(): Failed opening '../dbConnection.php' for inclusion (include_path='.:/usr/share/php:/usr/share/pear') in /home/ubuntu/workspace/cst336/labs/lab6/api/getCategories.php on line 3
[15-Mar-2019 03:47:55 UTC] PHP Stack trace:
[15-Mar-2019 03:47:55 UTC] PHP   1. {main}() /home/ubuntu/workspace/cst336/labs/lab6/api/getCategories.php:0
[15-Mar-2019 03:47:55 UTC] PHP Fatal error:  Call to undefined function getDatabaseConnection() in /home/ubuntu/workspace/cst336/labs/lab6/api/getCategories.php on line 5
[15-Mar-2019 03:47:55 UTC] PHP Stack trace:
[15-Mar-2019 03:47:55 UTC] PHP   1. {main}() /home/ubuntu/workspace/cst336/labs/lab6/api/getCategories.php:0
[15-Mar-2019 03:48:17 UTC] PHP Warning:  include(../dbConnection.php): failed to open stream: No such file or directory in /home/ubuntu/workspace/cst336/labs/lab6/api/getCategories.php on line 3
[15-Mar-2019 03:48:17 UTC] PHP Stack trace:
[15-Mar-2019 03:48:17 UTC] PHP   1. {main}() /home/ubuntu/workspace/cst336/labs/lab6/api/getCategories.php:0
[15-Mar-2019 03:48:17 UTC] PHP Warning:  include(): Failed opening '../dbConnection.php' for inclusion (include_path='.:/usr/share/php:/usr/share/pear') in /home/ubuntu/workspace/cst336/labs/lab6/api/getCategories.php on line 3
[15-Mar-2019 03:48:17 UTC] PHP Stack trace:
[15-Mar-2019 03:48:17 UTC] PHP   1. {main}() /home/ubuntu/workspace/cst336/labs/lab6/api/getCategories.php:0
[15-Mar-2019 03:48:17 UTC] PHP Fatal error:  Call to undefined function getDatabaseConnection() in /home/ubuntu/workspace/cst336/labs/lab6/api/getCategories.php on line 5
[15-Mar-2019 03:48:17 UTC] PHP Stack trace:
[15-Mar-2019 03:48:17 UTC] PHP   1. {main}() /home/ubuntu/workspace/cst336/labs/lab6/api/getCategories.php:0
[15-Mar-2019 03:48:28 UTC] PHP Warning:  include(api/dbConnection.php): failed to open stream: No such file or directory in /home/ubuntu/workspace/cst336/labs/lab6/api/getCategories.php on line 3
[15-Mar-2019 03:48:28 UTC] PHP Stack trace:
[15-Mar-2019 03:48:28 UTC] PHP   1. {main}() /home/ubuntu/workspace/cst336/labs/lab6/api/getCategories.php:0
[15-Mar-2019 03:48:28 UTC] PHP Warning:  include(): Failed opening 'api/dbConnection.php' for inclusion (include_path='.:/usr/share/php:/usr/share/pear') in /home/ubuntu/workspace/cst336/labs/lab6/api/getCategories.php on line 3
[15-Mar-2019 03:48:28 UTC] PHP Stack trace:
[15-Mar-2019 03:48:28 UTC] PHP   1. {main}() /home/ubuntu/workspace/cst336/labs/lab6/api/getCategories.php:0
[15-Mar-2019 03:48:28 UTC] PHP Fatal error:  Call to undefined function getDatabaseConnection() in /home/ubuntu/workspace/cst336/labs/lab6/api/getCategories.php on line 5
[15-Mar-2019 03:48:28 UTC] PHP Stack trace:
[15-Mar-2019 03:48:28 UTC] PHP   1. {main}() /home/ubuntu/workspace/cst336/labs/lab6/api/getCategories.php:0
[15-Mar-2019 03:49:42 UTC] PHP Warning:  include(api/dbConnection.php): failed to open stream: No such file or directory in /home/ubuntu/workspace/cst336/labs/lab6/api/getCategories.php on line 3
[15-Mar-2019 03:49:42 UTC] PHP Stack trace:
[15-Mar-2019 03:49:42 UTC] PHP   1. {main}() /home/ubuntu/workspace/cst336/labs/lab6/api/getCategories.php:0
[15-Mar-2019 03:49:42 UTC] PHP Warning:  include(): Failed opening 'api/dbConnection.php' for inclusion (include_path='.:/usr/share/php:/usr/share/pear') in /home/ubuntu/workspace/cst336/labs/lab6/api/getCategories.php on line 3
[15-Mar-2019 03:49:42 UTC] PHP Stack trace:
[15-Mar-2019 03:49:42 UTC] PHP   1. {main}() /home/ubuntu/workspace/cst336/labs/lab6/api/getCategories.php:0
[15-Mar-2019 03:49:42 UTC] PHP Fatal error:  Call to undefined function getDatabaseConnection() in /home/ubuntu/workspace/cst336/labs/lab6/api/getCategories.php on line 5
[15-Mar-2019 03:49:42 UTC] PHP Stack trace:
[15-Mar-2019 03:49:42 UTC] PHP   1. {main}() /home/ubuntu/workspace/cst336/labs/lab6/api/getCategories.php:0
[15-Mar-2019 18:36:18 UTC] PHP Parse error:  syntax error, unexpected ';' in /home/ubuntu/workspace/cst336/labs/lab6/api/getSearchResult.php on line 25
[15-Mar-2019 18:36:20 UTC] PHP Parse error:  syntax error, unexpected ';' in /home/ubuntu/workspace/cst336/labs/lab6/api/getSearchResult.php on line 25
[15-Mar-2019 18:36:21 UTC] PHP Parse error:  syntax error, unexpected ';' in /home/ubuntu/workspace/cst336/labs/lab6/api/getSearchResult.php on line 25
[15-Mar-2019 22:39:02 UTC] PHP Fatal error:  Uncaught exception 'PDOException' with message 'SQLSTATE[HY093]: Invalid parameter number: parameter was not defined' in /home/ubuntu/workspace/cst336/labs/lab6/api/getSearchResult.php:53
Stack trace:
#0 /home/ubuntu/workspace/cst336/labs/lab6/api/getSearchResult.php(53): PDOStatement->execute(Array)
#1 {main}
  thrown in /home/ubuntu/workspace/cst336/labs/lab6/api/getSearchResult.php on line 53
[15-Mar-2019 22:45:41 UTC] PHP Fatal error:  Uncaught exception 'PDOException' with message 'SQLSTATE[HY093]: Invalid parameter number: parameter was not defined' in /home/ubuntu/workspace/cst336/labs/lab6/api/getSearchResult.php:53
Stack trace:
#0 /home/ubuntu/workspace/cst336/labs/lab6/api/getSearchResult.php(53): PDOStatement->execute(Array)
#1 {main}
  thrown in /home/ubuntu/workspace/cst336/labs/lab6/api/getSearchResult.php on line 53
[15-Mar-2019 22:45:46 UTC] PHP Fatal error:  Uncaught exception 'PDOException' with message 'SQLSTATE[HY093]: Invalid parameter number: parameter was not defined' in /home/ubuntu/workspace/cst336/labs/lab6/api/getSearchResult.php:53
Stack trace:
#0 /home/ubuntu/workspace/cst336/labs/lab6/api/getSearchResult.php(53): PDOStatement->execute(Array)
#1 {main}
  thrown in /home/ubuntu/workspace/cst336/labs/lab6/api/getSearchResult.php on line 53
[15-Mar-2019 22:47:18 UTC] PHP Fatal error:  Uncaught exception 'PDOException' with message 'SQLSTATE[HY093]: Invalid parameter number: parameter was not defined' in /home/ubuntu/workspace/cst336/labs/lab6/api/getSearchResult.php:53
Stack trace:
#0 /home/ubuntu/workspace/cst336/labs/lab6/api/getSearchResult.php(53): PDOStatement->execute(Array)
#1 {main}
  thrown in /home/ubuntu/workspace/cst336/labs/lab6/api/getSearchResult.php on line 53
[13-Apr-2019 02:48:58 UTC] PHP Fatal error:  Call to a member function prepare() on a non-object in /home/ubuntu/workspace/cst336/labs/lab6/api/getProducts.php on line 21
[13-Apr-2019 02:48:58 UTC] PHP Stack trace:
[13-Apr-2019 02:48:58 UTC] PHP   1. {main}() /home/ubuntu/workspace/cst336/labs/lab6/api/getProducts.php:0
[13-Apr-2019 02:49:03 UTC] PHP Fatal error:  Call to a member function prepare() on a non-object in /home/ubuntu/workspace/cst336/labs/lab6/api/getProducts.php on line 21
[13-Apr-2019 02:49:03 UTC] PHP Stack trace:
[13-Apr-2019 02:49:03 UTC] PHP   1. {main}() /home/ubuntu/workspace/cst336/labs/lab6/api/getProducts.php:0
[13-Apr-2019 02:49:11 UTC] PHP Fatal error:  Call to a member function prepare() on a non-object in /home/ubuntu/workspace/cst336/labs/lab6/api/getProducts.php on line 21
[13-Apr-2019 02:49:11 UTC] PHP Stack trace:
[13-Apr-2019 02:49:11 UTC] PHP   1. {main}() /home/ubuntu/workspace/cst336/labs/lab6/api/getProducts.php:0
[13-Apr-2019 02:54:23 UTC] PHP Fatal error:  Uncaught exception 'PDOException' with message 'SQLSTATE[HY000] [1045] Access denied for user ''@'localhost' (using password: NO)' in /home/ubuntu/workspace/cst336/labs/lab6/api/getProducts.php:15
Stack trace:
#0 /home/ubuntu/workspace/cst336/labs/lab6/api/getProducts.php(15): PDO->__construct('mysql:host=;dbn...', NULL, NULL)
#1 {main}
  thrown in /home/ubuntu/workspace/cst336/labs/lab6/api/getProducts.php on line 15
[13-Apr-2019 03:00:04 UTC] PHP Fatal error:  Uncaught exception 'PDOException' with message 'SQLSTATE[HY000] [1045] Access denied for user ''@'localhost' (using password: NO)' in /home/ubuntu/workspace/cst336/labs/lab6/api/getProducts.php:15
Stack trace:
#0 /home/ubuntu/workspace/cst336/labs/lab6/api/getProducts.php(15): PDO->__construct('mysql:host=;dbn...', NULL, NULL)
#1 {main}
  thrown in /home/ubuntu/workspace/cst336/labs/lab6/api/getProducts.php on line 15
[13-Apr-2019 03:00:44 UTC] PHP Fatal error:  Call to a member function setAttribute() on a non-object in /home/ubuntu/workspace/cst336/labs/lab6/api/getProducts.php on line 17
[13-Apr-2019 03:00:44 UTC] PHP Stack trace:
[13-Apr-2019 03:00:44 UTC] PHP   1. {main}() /home/ubuntu/workspace/cst336/labs/lab6/api/getProducts.php:0
[13-Apr-2019 19:38:42 UTC] PHP Fatal error:  Call to a member function setAttribute() on a non-object in /home/ubuntu/workspace/cst336/labs/lab6/api/getProducts.php on line 17
[13-Apr-2019 19:38:42 UTC] PHP Stack trace:
[13-Apr-2019 19:38:42 UTC] PHP   1. {main}() /home/ubuntu/workspace/cst336/labs/lab6/api/getProducts.php:0
[13-Apr-2019 19:42:51 UTC] PHP Fatal error:  Call to a member function setAttribute() on a non-object in /home/ubuntu/workspace/cst336/labs/lab6/api/getProducts.php on line 17
[13-Apr-2019 19:42:51 UTC] PHP Stack trace:
[13-Apr-2019 19:42:51 UTC] PHP   1. {main}() /home/ubuntu/workspace/cst336/labs/lab6/api/getProducts.php:0
[13-Apr-2019 19:42:56 UTC] PHP Fatal error:  Call to a member function setAttribute() on a non-object in /home/ubuntu/workspace/cst336/labs/lab6/api/getProducts.php on line 17
[13-Apr-2019 19:42:56 UTC] PHP Stack trace:
[13-Apr-2019 19:42:56 UTC] PHP   1. {main}() /home/ubuntu/workspace/cst336/labs/lab6/api/getProducts.php:0
[13-Apr-2019 19:43:32 UTC] PHP Fatal error:  Call to a member function setAttribute() on a non-object in /home/ubuntu/workspace/cst336/labs/lab6/api/getProducts.php on line 17
[13-Apr-2019 19:43:32 UTC] PHP Stack trace:
[13-Apr-2019 19:43:32 UTC] PHP   1. {main}() /home/ubuntu/workspace/cst336/labs/lab6/api/getProducts.php:0
[13-Apr-2019 19:48:46 UTC] PHP Fatal error:  Call to a member function setAttribute() on a non-object in /home/ubuntu/workspace/cst336/labs/lab6/api/getProducts.php on line 17
[13-Apr-2019 19:48:46 UTC] PHP Stack trace:
[13-Apr-2019 19:48:46 UTC] PHP   1. {main}() /home/ubuntu/workspace/cst336/labs/lab6/api/getProducts.php:0
