[25-Mar-2019 20:21:01 UTC] PHP Warning:  include(./connect.php): failed to open stream: No such file or directory in /home/ubuntu/workspace/cst336/practice/midterm-practice/api/getAll.php on line 3
[25-Mar-2019 20:21:01 UTC] PHP Stack trace:
[25-Mar-2019 20:21:01 UTC] PHP   1. {main}() /home/ubuntu/workspace/cst336/practice/midterm-practice/api/getAll.php:0
[25-Mar-2019 20:21:01 UTC] PHP Warning:  include(): Failed opening './connect.php' for inclusion (include_path='.:/usr/share/php:/usr/share/pear') in /home/ubuntu/workspace/cst336/practice/midterm-practice/api/getAll.php on line 3
[25-Mar-2019 20:21:01 UTC] PHP Stack trace:
[25-Mar-2019 20:21:01 UTC] PHP   1. {main}() /home/ubuntu/workspace/cst336/practice/midterm-practice/api/getAll.php:0
[25-Mar-2019 20:21:01 UTC] PHP Fatal error:  Call to undefined function getDBConnection() in /home/ubuntu/workspace/cst336/practice/midterm-practice/api/getAll.php on line 5
[25-Mar-2019 20:21:01 UTC] PHP Stack trace:
[25-Mar-2019 20:21:01 UTC] PHP   1. {main}() /home/ubuntu/workspace/cst336/practice/midterm-practice/api/getAll.php:0
[25-Mar-2019 20:21:25 UTC] PHP Fatal error:  Uncaught exception 'PDOException' with message 'SQLSTATE[3D000]: Invalid catalog name: 1046 No database selected' in /home/ubuntu/workspace/cst336/practice/midterm-practice/api/getAll.php:8
Stack trace:
#0 /home/ubuntu/workspace/cst336/practice/midterm-practice/api/getAll.php(8): PDO->prepare('select * from m...')
#1 {main}
  thrown in /home/ubuntu/workspace/cst336/practice/midterm-practice/api/getAll.php on line 8
[25-Mar-2019 20:23:43 UTC] PHP Fatal error:  Uncaught exception 'PDOException' with message 'SQLSTATE[3D000]: Invalid catalog name: 1046 No database selected' in /home/ubuntu/workspace/cst336/practice/midterm-practice/api/getAll.php:8
Stack trace:
#0 /home/ubuntu/workspace/cst336/practice/midterm-practice/api/getAll.php(8): PDO->prepare('select * from m...')
#1 {main}
  thrown in /home/ubuntu/workspace/cst336/practice/midterm-practice/api/getAll.php on line 8
[25-Mar-2019 20:24:35 UTC] PHP Fatal error:  Uncaught exception 'PDOException' with message 'SQLSTATE[3D000]: Invalid catalog name: 1046 No database selected' in /home/ubuntu/workspace/cst336/practice/midterm-practice/api/getAll.php:8
Stack trace:
#0 /home/ubuntu/workspace/cst336/practice/midterm-practice/api/getAll.php(8): PDO->prepare('select * from m...')
#1 {main}
  thrown in /home/ubuntu/workspace/cst336/practice/midterm-practice/api/getAll.php on line 8
